[  0%] Built target visualization_msgs_generate_messages_lisp
[  0%] Built target franka_gripper_generate_messages_py
[  0%] Built target visualization_msgs_generate_messages_nodejs
[ 27%] Built target teleop_panda_controller_gencfg
[ 27%] Built target sensor_msgs_generate_messages_cpp
[ 27%] Built target visualization_msgs_generate_messages_py
[ 27%] Built target tf2_msgs_generate_messages_eus
[ 27%] Built target tf2_msgs_generate_messages_nodejs
[ 27%] Built target tf_generate_messages_lisp
[ 27%] Built target sensor_msgs_generate_messages_py
[ 27%] Built target sensor_msgs_generate_messages_nodejs
[ 27%] Built target visualization_msgs_generate_messages_eus
[ 27%] Built target tf2_msgs_generate_messages_lisp
[ 27%] Built target trajectory_msgs_generate_messages_nodejs
[ 27%] Built target tf_generate_messages_nodejs
[ 27%] Built target trajectory_msgs_generate_messages_cpp
[ 27%] Built target trajectory_msgs_generate_messages_lisp
[ 27%] Built target std_msgs_generate_messages_nodejs
[ 27%] Built target control_msgs_generate_messages_py
[ 27%] Built target dynamic_reconfigure_gencfg
[ 27%] Built target dynamic_reconfigure_generate_messages_nodejs
[ 27%] Built target tf2_msgs_generate_messages_py
[ 27%] Built target geometry_msgs_generate_messages_eus
[ 27%] Built target std_msgs_generate_messages_py
[ 27%] Built target std_msgs_generate_messages_lisp
[ 27%] Built target dynamic_reconfigure_generate_messages_lisp
[ 27%] Built target tf2_msgs_generate_messages_cpp
[ 27%] Built target _teleop_panda_controller_generate_messages_check_deps_JointTorqueComparison
[ 27%] Built target rosgraph_msgs_generate_messages_nodejs
[ 27%] Built target std_msgs_generate_messages_cpp
[ 27%] Built target std_srvs_generate_messages_lisp
[ 27%] Built target actionlib_generate_messages_cpp
[ 27%] Built target actionlib_generate_messages_lisp
[ 27%] Built target actionlib_msgs_generate_messages_py
[ 27%] Built target roscpp_generate_messages_lisp
[ 27%] Built target std_srvs_generate_messages_cpp
[ 27%] Built target std_srvs_generate_messages_nodejs
[ 27%] Built target franka_gripper_generate_messages_lisp
[ 27%] Built target control_msgs_generate_messages_nodejs
[ 27%] Built target rosgraph_msgs_generate_messages_lisp
[ 27%] Built target tf_generate_messages_eus
[ 27%] Built target dynamic_reconfigure_generate_messages_py
[ 27%] Built target rosgraph_msgs_generate_messages_py
[ 27%] Built target roscpp_generate_messages_cpp
[ 27%] Built target actionlib_msgs_generate_messages_eus
[ 27%] Built target trajectory_msgs_generate_messages_eus
[ 27%] Built target roscpp_generate_messages_py
[ 27%] Built target geometry_msgs_generate_messages_cpp
[ 27%] Built target franka_msgs_generate_messages_eus
[ 27%] Built target roscpp_generate_messages_eus
[ 27%] Built target geometry_msgs_generate_messages_lisp
[ 27%] Built target dynamic_reconfigure_generate_messages_cpp
[ 27%] Built target std_srvs_generate_messages_py
[ 27%] Built target sensor_msgs_generate_messages_lisp
[ 27%] Built target rosgraph_msgs_generate_messages_eus
[ 27%] Built target visualization_msgs_generate_messages_cpp
[ 27%] Built target control_msgs_generate_messages_lisp
[ 27%] Built target franka_gripper_generate_messages_cpp
[ 27%] Built target geometry_msgs_generate_messages_py
[ 27%] Built target dynamic_reconfigure_generate_messages_eus
[ 27%] Built target geometry_msgs_generate_messages_nodejs
[ 27%] Built target actionlib_msgs_generate_messages_cpp
[ 27%] Built target sensor_msgs_generate_messages_eus
[ 27%] Built target tf_generate_messages_py
[ 27%] Built target trajectory_msgs_generate_messages_py
[ 27%] Built target actionlib_generate_messages_eus
[ 27%] Built target actionlib_msgs_generate_messages_lisp
[ 27%] Built target rosgraph_msgs_generate_messages_cpp
[ 27%] Built target actionlib_generate_messages_py
[ 27%] Built target std_msgs_generate_messages_eus
[ 27%] Built target actionlib_msgs_generate_messages_nodejs
[ 27%] Built target control_msgs_generate_messages_eus
[ 27%] Built target franka_msgs_generate_messages_lisp
[ 27%] Built target tf_generate_messages_cpp
[ 27%] Built target franka_gripper_generate_messages_nodejs
[ 27%] Built target actionlib_generate_messages_nodejs
[ 27%] Built target std_srvs_generate_messages_eus
[ 27%] Built target franka_msgs_generate_messages_cpp
[ 27%] Built target franka_msgs_generate_messages_py
[ 27%] Built target control_msgs_generate_messages_cpp
[ 27%] Built target franka_msgs_generate_messages_nodejs
[ 27%] Built target roscpp_generate_messages_nodejs
[ 27%] Built target franka_gripper_generate_messages_eus
[ 33%] Built target teleop_panda_controller_generate_messages_lisp
[ 50%] Built target teleop_panda_controller_generate_messages_nodejs
[ 50%] Built target teleop_panda_controller_generate_messages_cpp
[ 55%] Built target teleop_panda_controller_generate_messages_eus
[ 66%] Built target teleop_panda_controller_generate_messages_py
[ 66%] Built target teleop_panda_controller_gencpp
[ 66%] Built target teleop_panda_controller_generate_messages
[35m[1mScanning dependencies of target franka_example_controllers[0m
[ 77%] Built target teleop_gripper_node
[ 83%] [32mBuilding CXX object CMakeFiles/franka_example_controllers.dir/src/Panda_TeleopJointController.cpp.o[0m
[ 88%] [32m[1mLinking CXX shared library /home/panda/Sitong/Teleoperation_System_Slave_Alto/devel/.private/teleop_panda_controller/lib/libfranka_example_controllers.so[0m
[100%] Built target franka_example_controllers
