[35m[1mScanning dependencies of target visualization_msgs_generate_messages_eus[0m
[35m[1mScanning dependencies of target visualization_msgs_generate_messages_nodejs[0m
[35m[1mScanning dependencies of target _teleop_panda_controller_generate_messages_check_deps_JointTorqueComparison[0m
[35m[1mScanning dependencies of target visualization_msgs_generate_messages_lisp[0m
[35m[1mScanning dependencies of target visualization_msgs_generate_messages_py[0m
[35m[1mScanning dependencies of target teleop_panda_controller_gencfg[0m
[35m[1mScanning dependencies of target tf2_msgs_generate_messages_nodejs[0m
[35m[1mScanning dependencies of target franka_gripper_generate_messages_py[0m
[35m[1mScanning dependencies of target tf2_msgs_generate_messages_lisp[0m
[35m[1mScanning dependencies of target tf2_msgs_generate_messages_eus[0m
[35m[1mScanning dependencies of target tf_generate_messages_lisp[0m
[35m[1mScanning dependencies of target tf_generate_messages_nodejs[0m
[35m[1mScanning dependencies of target trajectory_msgs_generate_messages_nodejs[0m
[35m[1mScanning dependencies of target sensor_msgs_generate_messages_nodejs[0m
[35m[1mScanning dependencies of target sensor_msgs_generate_messages_py[0m
[  0%] Built target franka_gripper_generate_messages_py
[35m[1mScanning dependencies of target sensor_msgs_generate_messages_cpp[0m
[  0%] Built target visualization_msgs_generate_messages_nodejs
[  5%] [34m[1mGenerating dynamic reconfigure files from cfg/compliance_param.cfg: /home/panda/Sitong/Teleoperation_System_Slave_Alto/devel/.private/teleop_panda_controller/include/teleop_panda_controller/compliance_paramConfig.h /home/panda/Sitong/Teleoperation_System_Slave_Alto/devel/.private/teleop_panda_controller/lib/python3/dist-packages/teleop_panda_controller/cfg/compliance_paramConfig.py[0m
[  5%] Built target tf2_msgs_generate_messages_lisp
[  5%] Built target visualization_msgs_generate_messages_eus
[  5%] Built target tf2_msgs_generate_messages_eus
[  5%] Built target tf_generate_messages_nodejs
[  5%] Built target visualization_msgs_generate_messages_lisp
[  5%] Built target tf2_msgs_generate_messages_nodejs
[  5%] Built target trajectory_msgs_generate_messages_nodejs
[  5%] Built target sensor_msgs_generate_messages_py
[  5%] Built target sensor_msgs_generate_messages_nodejs
[  5%] Built target tf_generate_messages_lisp
[  5%] Built target visualization_msgs_generate_messages_py
[35m[1mScanning dependencies of target trajectory_msgs_generate_messages_lisp[0m
[35m[1mScanning dependencies of target trajectory_msgs_generate_messages_cpp[0m
[  5%] Built target sensor_msgs_generate_messages_cpp
[ 11%] [34m[1mGenerating dynamic reconfigure files from cfg/desired_mass_param.cfg: /home/panda/Sitong/Teleoperation_System_Slave_Alto/devel/.private/teleop_panda_controller/include/teleop_panda_controller/desired_mass_paramConfig.h /home/panda/Sitong/Teleoperation_System_Slave_Alto/devel/.private/teleop_panda_controller/lib/python3/dist-packages/teleop_panda_controller/cfg/desired_mass_paramConfig.py[0m
[35m[1mScanning dependencies of target control_msgs_generate_messages_py[0m
[35m[1mScanning dependencies of target geometry_msgs_generate_messages_eus[0m
[ 16%] [34m[1mGenerating dynamic reconfigure files from cfg/dual_arm_compliance_param.cfg: /home/panda/Sitong/Teleoperation_System_Slave_Alto/devel/.private/teleop_panda_controller/include/teleop_panda_controller/dual_arm_compliance_paramConfig.h /home/panda/Sitong/Teleoperation_System_Slave_Alto/devel/.private/teleop_panda_controller/lib/python3/dist-packages/teleop_panda_controller/cfg/dual_arm_compliance_paramConfig.py[0m
[35m[1mScanning dependencies of target dynamic_reconfigure_gencfg[0m
[ 22%] [34m[1mGenerating dynamic reconfigure files from cfg/teleop_param.cfg: /home/panda/Sitong/Teleoperation_System_Slave_Alto/devel/.private/teleop_panda_controller/include/teleop_panda_controller/teleop_paramConfig.h /home/panda/Sitong/Teleoperation_System_Slave_Alto/devel/.private/teleop_panda_controller/lib/python3/dist-packages/teleop_panda_controller/cfg/teleop_paramConfig.py[0m
[35m[1mScanning dependencies of target std_msgs_generate_messages_lisp[0m
[35m[1mScanning dependencies of target std_msgs_generate_messages_nodejs[0m
[ 27%] Built target trajectory_msgs_generate_messages_cpp
[ 27%] [34m[1mGenerating dynamic reconfigure files from cfg/teleop_gripper_param.cfg: /home/panda/Sitong/Teleoperation_System_Slave_Alto/devel/.private/teleop_panda_controller/include/teleop_panda_controller/teleop_gripper_paramConfig.h /home/panda/Sitong/Teleoperation_System_Slave_Alto/devel/.private/teleop_panda_controller/lib/python3/dist-packages/teleop_panda_controller/cfg/teleop_gripper_paramConfig.py[0m
[ 27%] Built target control_msgs_generate_messages_py
[35m[1mScanning dependencies of target tf2_msgs_generate_messages_py[0m
[ 27%] Built target trajectory_msgs_generate_messages_lisp
[ 27%] Built target geometry_msgs_generate_messages_eus
[35m[1mScanning dependencies of target tf2_msgs_generate_messages_cpp[0m
[35m[1mScanning dependencies of target dynamic_reconfigure_generate_messages_nodejs[0m
[ 27%] Built target dynamic_reconfigure_gencfg
[ 27%] Built target std_msgs_generate_messages_nodejs
[ 27%] Built target _teleop_panda_controller_generate_messages_check_deps_JointTorqueComparison
[35m[1mScanning dependencies of target dynamic_reconfigure_generate_messages_lisp[0m
[35m[1mScanning dependencies of target std_srvs_generate_messages_lisp[0m
[ 27%] Built target tf2_msgs_generate_messages_py
[35m[1mScanning dependencies of target std_msgs_generate_messages_py[0m
[35m[1mScanning dependencies of target std_msgs_generate_messages_cpp[0m
[ 27%] Built target std_msgs_generate_messages_lisp
[ 27%] Built target tf2_msgs_generate_messages_cpp
[35m[1mScanning dependencies of target rosgraph_msgs_generate_messages_nodejs[0m
[35m[1mScanning dependencies of target actionlib_msgs_generate_messages_py[0m
[35m[1mScanning dependencies of target actionlib_generate_messages_cpp[0m
[ 27%] Built target dynamic_reconfigure_generate_messages_nodejs
[35m[1mScanning dependencies of target roscpp_generate_messages_lisp[0m
[ 27%] Built target std_msgs_generate_messages_py
[ 27%] Built target dynamic_reconfigure_generate_messages_lisp
[ 27%] Built target std_srvs_generate_messages_lisp
[35m[1mScanning dependencies of target std_srvs_generate_messages_cpp[0m
[ 27%] Built target rosgraph_msgs_generate_messages_nodejs
[ 27%] Built target std_msgs_generate_messages_cpp
[35m[1mScanning dependencies of target actionlib_generate_messages_lisp[0m
[ 27%] Built target actionlib_msgs_generate_messages_py
[ 27%] Built target actionlib_generate_messages_cpp
[35m[1mScanning dependencies of target tf_generate_messages_eus[0m
[35m[1mScanning dependencies of target std_srvs_generate_messages_nodejs[0m
Generating reconfiguration files for compliance_param in franka_example_controllers
Wrote header file in /home/panda/Sitong/Teleoperation_System_Slave_Alto/devel/.private/teleop_panda_controller/include/teleop_panda_controller/compliance_paramConfig.h
[35m[1mScanning dependencies of target rosgraph_msgs_generate_messages_lisp[0m
[ 27%] Built target std_srvs_generate_messages_cpp
[ 27%] Built target roscpp_generate_messages_lisp
[ 27%] Built target actionlib_generate_messages_lisp
[35m[1mScanning dependencies of target dynamic_reconfigure_generate_messages_py[0m
Generating reconfiguration files for desired_mass_param in franka_example_controllers
Wrote header file in /home/panda/Sitong/Teleoperation_System_Slave_Alto/devel/.private/teleop_panda_controller/include/teleop_panda_controller/desired_mass_paramConfig.h
Generating reconfiguration files for dual_arm_compliance_param in franka_combined_example_controllers
Wrote header file in /home/panda/Sitong/Teleoperation_System_Slave_Alto/devel/.private/teleop_panda_controller/include/teleop_panda_controller/dual_arm_compliance_paramConfig.h
[35m[1mScanning dependencies of target actionlib_msgs_generate_messages_eus[0m
[35m[1mScanning dependencies of target rosgraph_msgs_generate_messages_py[0m
[35m[1mScanning dependencies of target control_msgs_generate_messages_nodejs[0m
[35m[1mScanning dependencies of target franka_gripper_generate_messages_lisp[0m
[ 27%] Built target std_srvs_generate_messages_nodejs
[ 27%] Built target tf_generate_messages_eus
[35m[1mScanning dependencies of target trajectory_msgs_generate_messages_eus[0m
[ 27%] Built target rosgraph_msgs_generate_messages_lisp
[35m[1mScanning dependencies of target roscpp_generate_messages_py[0m
Generating reconfiguration files for teleop_gripper_param in franka_example_controllers
Generating reconfiguration files for teleop_param in franka_example_controllers
Wrote header file in /home/panda/Sitong/Teleoperation_System_Slave_Alto/devel/.private/teleop_panda_controller/include/teleop_panda_controller/teleop_gripper_paramConfig.h
[ 27%] Built target dynamic_reconfigure_generate_messages_py
[ 27%] Built target actionlib_msgs_generate_messages_eus
[ 27%] Built target rosgraph_msgs_generate_messages_py
[35m[1mScanning dependencies of target roscpp_generate_messages_eus[0m
[35m[1mScanning dependencies of target roscpp_generate_messages_cpp[0m
[35m[1mScanning dependencies of target geometry_msgs_generate_messages_cpp[0m
[ 27%] Built target control_msgs_generate_messages_nodejs
[35m[1mScanning dependencies of target franka_msgs_generate_messages_eus[0m
[ 27%] Built target franka_gripper_generate_messages_lisp
Wrote header file in /home/panda/Sitong/Teleoperation_System_Slave_Alto/devel/.private/teleop_panda_controller/include/teleop_panda_controller/teleop_paramConfig.h
[35m[1mScanning dependencies of target dynamic_reconfigure_generate_messages_cpp[0m
[ 27%] Built target roscpp_generate_messages_py
[35m[1mScanning dependencies of target std_srvs_generate_messages_py[0m
[35m[1mScanning dependencies of target geometry_msgs_generate_messages_lisp[0m
[ 27%] Built target roscpp_generate_messages_eus
[ 27%] Built target trajectory_msgs_generate_messages_eus
[ 27%] Built target geometry_msgs_generate_messages_cpp
[35m[1mScanning dependencies of target rosgraph_msgs_generate_messages_eus[0m
[ 27%] Built target roscpp_generate_messages_cpp
[ 27%] Built target dynamic_reconfigure_generate_messages_cpp
[ 27%] Built target franka_msgs_generate_messages_eus
[35m[1mScanning dependencies of target visualization_msgs_generate_messages_cpp[0m
[35m[1mScanning dependencies of target sensor_msgs_generate_messages_lisp[0m
[ 27%] Built target std_srvs_generate_messages_py
[35m[1mScanning dependencies of target sensor_msgs_generate_messages_eus[0m
[ 27%] Built target sensor_msgs_generate_messages_lisp
[35m[1mScanning dependencies of target geometry_msgs_generate_messages_py[0m
[ 27%] Built target rosgraph_msgs_generate_messages_eus
[35m[1mScanning dependencies of target dynamic_reconfigure_generate_messages_eus[0m
[ 27%] Built target geometry_msgs_generate_messages_lisp
[ 27%] Built target visualization_msgs_generate_messages_cpp
[35m[1mScanning dependencies of target geometry_msgs_generate_messages_nodejs[0m
[35m[1mScanning dependencies of target control_msgs_generate_messages_lisp[0m
[35m[1mScanning dependencies of target actionlib_msgs_generate_messages_cpp[0m
[ 27%] Built target sensor_msgs_generate_messages_eus
[35m[1mScanning dependencies of target actionlib_generate_messages_eus[0m
[35m[1mScanning dependencies of target trajectory_msgs_generate_messages_py[0m
[ 27%] Built target geometry_msgs_generate_messages_py
[ 27%] Built target geometry_msgs_generate_messages_nodejs
[ 27%] Built target dynamic_reconfigure_generate_messages_eus
[35m[1mScanning dependencies of target rosgraph_msgs_generate_messages_cpp[0m
[ 27%] Built target control_msgs_generate_messages_lisp
[35m[1mScanning dependencies of target tf_generate_messages_py[0m
[35m[1mScanning dependencies of target franka_gripper_generate_messages_cpp[0m
[35m[1mScanning dependencies of target std_msgs_generate_messages_eus[0m
[35m[1mScanning dependencies of target actionlib_msgs_generate_messages_nodejs[0m
[35m[1mScanning dependencies of target actionlib_msgs_generate_messages_lisp[0m
[35m[1mScanning dependencies of target actionlib_generate_messages_py[0m
[ 27%] Built target actionlib_msgs_generate_messages_cpp
[ 27%] Built target teleop_panda_controller_gencfg
[ 27%] Built target rosgraph_msgs_generate_messages_cpp
[35m[1mScanning dependencies of target actionlib_generate_messages_nodejs[0m
[35m[1mScanning dependencies of target tf_generate_messages_cpp[0m
[ 27%] Built target actionlib_generate_messages_eus
[35m[1mScanning dependencies of target std_srvs_generate_messages_eus[0m
[ 27%] Built target tf_generate_messages_py
[35m[1mScanning dependencies of target control_msgs_generate_messages_eus[0m
[ 27%] Built target trajectory_msgs_generate_messages_py
[ 27%] Built target franka_gripper_generate_messages_cpp
[ 27%] Built target std_msgs_generate_messages_eus
[ 27%] Built target actionlib_generate_messages_py
[35m[1mScanning dependencies of target franka_msgs_generate_messages_cpp[0m
[ 27%] Built target actionlib_msgs_generate_messages_lisp
[35m[1mScanning dependencies of target roscpp_generate_messages_nodejs[0m
[ 27%] Built target actionlib_generate_messages_nodejs
[ 27%] Built target actionlib_msgs_generate_messages_nodejs
[35m[1mScanning dependencies of target franka_msgs_generate_messages_lisp[0m
[35m[1mScanning dependencies of target franka_gripper_generate_messages_nodejs[0m
[ 27%] Built target control_msgs_generate_messages_eus
[35m[1mScanning dependencies of target franka_msgs_generate_messages_py[0m
[ 27%] Built target tf_generate_messages_cpp
[ 27%] Built target std_srvs_generate_messages_eus
[35m[1mScanning dependencies of target franka_gripper_generate_messages_eus[0m
[35m[1mScanning dependencies of target teleop_panda_controller_generate_messages_lisp[0m
[35m[1mScanning dependencies of target control_msgs_generate_messages_cpp[0m
[35m[1mScanning dependencies of target teleop_panda_controller_generate_messages_nodejs[0m
[35m[1mScanning dependencies of target franka_msgs_generate_messages_nodejs[0m
[ 27%] Built target franka_msgs_generate_messages_py
[35m[1mScanning dependencies of target teleop_panda_controller_generate_messages_cpp[0m
[ 27%] Built target franka_msgs_generate_messages_lisp
[ 27%] Built target franka_gripper_generate_messages_nodejs
[ 27%] Built target roscpp_generate_messages_nodejs
[35m[1mScanning dependencies of target teleop_panda_controller_generate_messages_eus[0m
[35m[1mScanning dependencies of target teleop_panda_controller_generate_messages_py[0m
[ 27%] Built target franka_msgs_generate_messages_cpp
[ 27%] Built target franka_msgs_generate_messages_nodejs
[ 33%] [34m[1mGenerating Javascript code from teleop_panda_controller/JointTorqueComparison.msg[0m
[ 33%] Built target control_msgs_generate_messages_cpp
[ 33%] Built target franka_gripper_generate_messages_eus
[ 38%] [34m[1mGenerating Lisp code from teleop_panda_controller/JointTorqueComparison.msg[0m
[ 50%] [34m[1mGenerating EusLisp code from teleop_panda_controller/JointTorqueComparison.msg[0m
[ 50%] [34m[1mGenerating EusLisp manifest code for teleop_panda_controller[0m
[ 55%] [34m[1mGenerating C++ code from teleop_panda_controller/JointTorqueComparison.msg[0m
[ 61%] [34m[1mGenerating Python from MSG teleop_panda_controller/JointTorqueComparison[0m
[ 61%] Built target teleop_panda_controller_generate_messages_lisp
[ 61%] Built target teleop_panda_controller_generate_messages_nodejs
[ 61%] Built target teleop_panda_controller_generate_messages_cpp
[35m[1mScanning dependencies of target teleop_panda_controller_gencpp[0m
[ 61%] Built target teleop_panda_controller_gencpp
[ 66%] [34m[1mGenerating Python msg __init__.py for teleop_panda_controller[0m
[ 66%] Built target teleop_panda_controller_generate_messages_py
[ 66%] Built target teleop_panda_controller_generate_messages_eus
[35m[1mScanning dependencies of target teleop_panda_controller_generate_messages[0m
[35m[1mScanning dependencies of target franka_example_controllers[0m
[35m[1mScanning dependencies of target teleop_gripper_node[0m
[ 66%] Built target teleop_panda_controller_generate_messages
[ 72%] [32mBuilding CXX object CMakeFiles/teleop_gripper_node.dir/src/teleop_gripper_node.cpp.o[0m
[ 77%] [32mBuilding CXX object CMakeFiles/franka_example_controllers.dir/src/Panda_TeleopJointController.cpp.o[0m
[ 83%] [32mBuilding CXX object CMakeFiles/franka_example_controllers.dir/src/teleop_gripper_node.cpp.o[0m
[ 88%] [32mBuilding CXX object CMakeFiles/franka_example_controllers.dir/src/joint_wall.cpp.o[0m
[ 94%] [32m[1mLinking CXX executable /home/panda/Sitong/Teleoperation_System_Slave_Alto/devel/.private/teleop_panda_controller/lib/teleop_panda_controller/teleop_gripper_node[0m
[ 94%] Built target teleop_gripper_node
[100%] [32m[1mLinking CXX shared library /home/panda/Sitong/Teleoperation_System_Slave_Alto/devel/.private/teleop_panda_controller/lib/libfranka_example_controllers.so[0m
[100%] Built target franka_example_controllers
