Linked: (/home/panda/Sitong/Teleoperation_System_Slave_Alto/devel/.private/teleop_panda_controller/share/gennodejs/ros/teleop_panda_controller/_index.js, /home/panda/Sitong/Teleoperation_System_Slave_Alto/devel/share/gennodejs/ros/teleop_panda_controller/_index.js)
Linked: (/home/panda/Sitong/Teleoperation_System_Slave_Alto/devel/.private/teleop_panda_controller/share/gennodejs/ros/teleop_panda_controller/msg/JointTorqueComparison.js, /home/panda/Sitong/Teleoperation_System_Slave_Alto/devel/share/gennodejs/ros/teleop_panda_controller/msg/JointTorqueComparison.js)
Linked: (/home/panda/Sitong/Teleoperation_System_Slave_Alto/devel/.private/teleop_panda_controller/share/gennodejs/ros/teleop_panda_controller/msg/_index.js, /home/panda/Sitong/Teleoperation_System_Slave_Alto/devel/share/gennodejs/ros/teleop_panda_controller/msg/_index.js)
Linked: (/home/panda/Sitong/Teleoperation_System_Slave_Alto/devel/.private/teleop_panda_controller/share/roseus/ros/teleop_panda_controller/manifest.l, /home/panda/Sitong/Teleoperation_System_Slave_Alto/devel/share/roseus/ros/teleop_panda_controller/manifest.l)
Linked: (/home/panda/Sitong/Teleoperation_System_Slave_Alto/devel/.private/teleop_panda_controller/share/roseus/ros/teleop_panda_controller/msg/JointTorqueComparison.l, /home/panda/Sitong/Teleoperation_System_Slave_Alto/devel/share/roseus/ros/teleop_panda_controller/msg/JointTorqueComparison.l)
Linked: (/home/panda/Sitong/Teleoperation_System_Slave_Alto/devel/.private/teleop_panda_controller/share/teleop_panda_controller/cmake/teleop_panda_controller-msg-extras.cmake, /home/panda/Sitong/Teleoperation_System_Slave_Alto/devel/share/teleop_panda_controller/cmake/teleop_panda_controller-msg-extras.cmake)
Linked: (/home/panda/Sitong/Teleoperation_System_Slave_Alto/devel/.private/teleop_panda_controller/share/teleop_panda_controller/cmake/teleop_panda_controllerConfig-version.cmake, /home/panda/Sitong/Teleoperation_System_Slave_Alto/devel/share/teleop_panda_controller/cmake/teleop_panda_controllerConfig-version.cmake)
Linked: (/home/panda/Sitong/Teleoperation_System_Slave_Alto/devel/.private/teleop_panda_controller/share/teleop_panda_controller/cmake/teleop_panda_controllerConfig.cmake, /home/panda/Sitong/Teleoperation_System_Slave_Alto/devel/share/teleop_panda_controller/cmake/teleop_panda_controllerConfig.cmake)
Linked: (/home/panda/Sitong/Teleoperation_System_Slave_Alto/devel/.private/teleop_panda_controller/share/teleop_panda_controller/cmake/teleop_panda_controller-msg-paths.cmake, /home/panda/Sitong/Teleoperation_System_Slave_Alto/devel/share/teleop_panda_controller/cmake/teleop_panda_controller-msg-paths.cmake)
Linked: (/home/panda/Sitong/Teleoperation_System_Slave_Alto/devel/.private/teleop_panda_controller/share/teleop_panda_controller/docs/compliance_paramConfig-usage.dox, /home/panda/Sitong/Teleoperation_System_Slave_Alto/devel/share/teleop_panda_controller/docs/compliance_paramConfig-usage.dox)
Linked: (/home/panda/Sitong/Teleoperation_System_Slave_Alto/devel/.private/teleop_panda_controller/share/teleop_panda_controller/docs/desired_mass_paramConfig.dox, /home/panda/Sitong/Teleoperation_System_Slave_Alto/devel/share/teleop_panda_controller/docs/desired_mass_paramConfig.dox)
Linked: (/home/panda/Sitong/Teleoperation_System_Slave_Alto/devel/.private/teleop_panda_controller/share/teleop_panda_controller/docs/teleop_paramConfig.dox, /home/panda/Sitong/Teleoperation_System_Slave_Alto/devel/share/teleop_panda_controller/docs/teleop_paramConfig.dox)
Linked: (/home/panda/Sitong/Teleoperation_System_Slave_Alto/devel/.private/teleop_panda_controller/share/teleop_panda_controller/docs/compliance_paramConfig.wikidoc, /home/panda/Sitong/Teleoperation_System_Slave_Alto/devel/share/teleop_panda_controller/docs/compliance_paramConfig.wikidoc)
Linked: (/home/panda/Sitong/Teleoperation_System_Slave_Alto/devel/.private/teleop_panda_controller/share/teleop_panda_controller/docs/desired_mass_paramConfig.wikidoc, /home/panda/Sitong/Teleoperation_System_Slave_Alto/devel/share/teleop_panda_controller/docs/desired_mass_paramConfig.wikidoc)
Linked: (/home/panda/Sitong/Teleoperation_System_Slave_Alto/devel/.private/teleop_panda_controller/share/teleop_panda_controller/docs/compliance_paramConfig.dox, /home/panda/Sitong/Teleoperation_System_Slave_Alto/devel/share/teleop_panda_controller/docs/compliance_paramConfig.dox)
Linked: (/home/panda/Sitong/Teleoperation_System_Slave_Alto/devel/.private/teleop_panda_controller/share/teleop_panda_controller/docs/desired_mass_paramConfig-usage.dox, /home/panda/Sitong/Teleoperation_System_Slave_Alto/devel/share/teleop_panda_controller/docs/desired_mass_paramConfig-usage.dox)
Linked: (/home/panda/Sitong/Teleoperation_System_Slave_Alto/devel/.private/teleop_panda_controller/share/teleop_panda_controller/docs/dual_arm_compliance_paramConfig.wikidoc, /home/panda/Sitong/Teleoperation_System_Slave_Alto/devel/share/teleop_panda_controller/docs/dual_arm_compliance_paramConfig.wikidoc)
Linked: (/home/panda/Sitong/Teleoperation_System_Slave_Alto/devel/.private/teleop_panda_controller/share/teleop_panda_controller/docs/dual_arm_compliance_paramConfig-usage.dox, /home/panda/Sitong/Teleoperation_System_Slave_Alto/devel/share/teleop_panda_controller/docs/dual_arm_compliance_paramConfig-usage.dox)
Linked: (/home/panda/Sitong/Teleoperation_System_Slave_Alto/devel/.private/teleop_panda_controller/share/teleop_panda_controller/docs/teleop_gripper_paramConfig.wikidoc, /home/panda/Sitong/Teleoperation_System_Slave_Alto/devel/share/teleop_panda_controller/docs/teleop_gripper_paramConfig.wikidoc)
Linked: (/home/panda/Sitong/Teleoperation_System_Slave_Alto/devel/.private/teleop_panda_controller/share/teleop_panda_controller/docs/dual_arm_compliance_paramConfig.dox, /home/panda/Sitong/Teleoperation_System_Slave_Alto/devel/share/teleop_panda_controller/docs/dual_arm_compliance_paramConfig.dox)
Linked: (/home/panda/Sitong/Teleoperation_System_Slave_Alto/devel/.private/teleop_panda_controller/share/teleop_panda_controller/docs/teleop_gripper_paramConfig.dox, /home/panda/Sitong/Teleoperation_System_Slave_Alto/devel/share/teleop_panda_controller/docs/teleop_gripper_paramConfig.dox)
Linked: (/home/panda/Sitong/Teleoperation_System_Slave_Alto/devel/.private/teleop_panda_controller/share/teleop_panda_controller/docs/teleop_paramConfig-usage.dox, /home/panda/Sitong/Teleoperation_System_Slave_Alto/devel/share/teleop_panda_controller/docs/teleop_paramConfig-usage.dox)
Linked: (/home/panda/Sitong/Teleoperation_System_Slave_Alto/devel/.private/teleop_panda_controller/share/teleop_panda_controller/docs/teleop_gripper_paramConfig-usage.dox, /home/panda/Sitong/Teleoperation_System_Slave_Alto/devel/share/teleop_panda_controller/docs/teleop_gripper_paramConfig-usage.dox)
Linked: (/home/panda/Sitong/Teleoperation_System_Slave_Alto/devel/.private/teleop_panda_controller/share/teleop_panda_controller/docs/teleop_paramConfig.wikidoc, /home/panda/Sitong/Teleoperation_System_Slave_Alto/devel/share/teleop_panda_controller/docs/teleop_paramConfig.wikidoc)
Linked: (/home/panda/Sitong/Teleoperation_System_Slave_Alto/devel/.private/teleop_panda_controller/share/common-lisp/ros/teleop_panda_controller/msg/teleop_panda_controller-msg.asd, /home/panda/Sitong/Teleoperation_System_Slave_Alto/devel/share/common-lisp/ros/teleop_panda_controller/msg/teleop_panda_controller-msg.asd)
Linked: (/home/panda/Sitong/Teleoperation_System_Slave_Alto/devel/.private/teleop_panda_controller/share/common-lisp/ros/teleop_panda_controller/msg/_package_JointTorqueComparison.lisp, /home/panda/Sitong/Teleoperation_System_Slave_Alto/devel/share/common-lisp/ros/teleop_panda_controller/msg/_package_JointTorqueComparison.lisp)
Linked: (/home/panda/Sitong/Teleoperation_System_Slave_Alto/devel/.private/teleop_panda_controller/share/common-lisp/ros/teleop_panda_controller/msg/JointTorqueComparison.lisp, /home/panda/Sitong/Teleoperation_System_Slave_Alto/devel/share/common-lisp/ros/teleop_panda_controller/msg/JointTorqueComparison.lisp)
Linked: (/home/panda/Sitong/Teleoperation_System_Slave_Alto/devel/.private/teleop_panda_controller/share/common-lisp/ros/teleop_panda_controller/msg/_package.lisp, /home/panda/Sitong/Teleoperation_System_Slave_Alto/devel/share/common-lisp/ros/teleop_panda_controller/msg/_package.lisp)
Linked: (/home/panda/Sitong/Teleoperation_System_Slave_Alto/devel/.private/teleop_panda_controller/include/teleop_panda_controller/desired_mass_paramConfig.h, /home/panda/Sitong/Teleoperation_System_Slave_Alto/devel/include/teleop_panda_controller/desired_mass_paramConfig.h)
Linked: (/home/panda/Sitong/Teleoperation_System_Slave_Alto/devel/.private/teleop_panda_controller/include/teleop_panda_controller/teleop_gripper_paramConfig.h, /home/panda/Sitong/Teleoperation_System_Slave_Alto/devel/include/teleop_panda_controller/teleop_gripper_paramConfig.h)
Linked: (/home/panda/Sitong/Teleoperation_System_Slave_Alto/devel/.private/teleop_panda_controller/include/teleop_panda_controller/teleop_paramConfig.h, /home/panda/Sitong/Teleoperation_System_Slave_Alto/devel/include/teleop_panda_controller/teleop_paramConfig.h)
Linked: (/home/panda/Sitong/Teleoperation_System_Slave_Alto/devel/.private/teleop_panda_controller/include/teleop_panda_controller/JointTorqueComparison.h, /home/panda/Sitong/Teleoperation_System_Slave_Alto/devel/include/teleop_panda_controller/JointTorqueComparison.h)
Linked: (/home/panda/Sitong/Teleoperation_System_Slave_Alto/devel/.private/teleop_panda_controller/include/teleop_panda_controller/dual_arm_compliance_paramConfig.h, /home/panda/Sitong/Teleoperation_System_Slave_Alto/devel/include/teleop_panda_controller/dual_arm_compliance_paramConfig.h)
Linked: (/home/panda/Sitong/Teleoperation_System_Slave_Alto/devel/.private/teleop_panda_controller/include/teleop_panda_controller/compliance_paramConfig.h, /home/panda/Sitong/Teleoperation_System_Slave_Alto/devel/include/teleop_panda_controller/compliance_paramConfig.h)
Linked: (/home/panda/Sitong/Teleoperation_System_Slave_Alto/devel/.private/teleop_panda_controller/lib/libfranka_example_controllers.so, /home/panda/Sitong/Teleoperation_System_Slave_Alto/devel/lib/libfranka_example_controllers.so)
Linked: (/home/panda/Sitong/Teleoperation_System_Slave_Alto/devel/.private/teleop_panda_controller/lib/python3/dist-packages/teleop_panda_controller/__init__.py, /home/panda/Sitong/Teleoperation_System_Slave_Alto/devel/lib/python3/dist-packages/teleop_panda_controller/__init__.py)
Linked: (/home/panda/Sitong/Teleoperation_System_Slave_Alto/devel/.private/teleop_panda_controller/lib/python3/dist-packages/teleop_panda_controller/cfg/dual_arm_compliance_paramConfig.py, /home/panda/Sitong/Teleoperation_System_Slave_Alto/devel/lib/python3/dist-packages/teleop_panda_controller/cfg/dual_arm_compliance_paramConfig.py)
Linked: (/home/panda/Sitong/Teleoperation_System_Slave_Alto/devel/.private/teleop_panda_controller/lib/python3/dist-packages/teleop_panda_controller/cfg/desired_mass_paramConfig.py, /home/panda/Sitong/Teleoperation_System_Slave_Alto/devel/lib/python3/dist-packages/teleop_panda_controller/cfg/desired_mass_paramConfig.py)
Linked: (/home/panda/Sitong/Teleoperation_System_Slave_Alto/devel/.private/teleop_panda_controller/lib/python3/dist-packages/teleop_panda_controller/cfg/teleop_paramConfig.py, /home/panda/Sitong/Teleoperation_System_Slave_Alto/devel/lib/python3/dist-packages/teleop_panda_controller/cfg/teleop_paramConfig.py)
Linked: (/home/panda/Sitong/Teleoperation_System_Slave_Alto/devel/.private/teleop_panda_controller/lib/python3/dist-packages/teleop_panda_controller/cfg/compliance_paramConfig.py, /home/panda/Sitong/Teleoperation_System_Slave_Alto/devel/lib/python3/dist-packages/teleop_panda_controller/cfg/compliance_paramConfig.py)
Linked: (/home/panda/Sitong/Teleoperation_System_Slave_Alto/devel/.private/teleop_panda_controller/lib/python3/dist-packages/teleop_panda_controller/cfg/teleop_gripper_paramConfig.py, /home/panda/Sitong/Teleoperation_System_Slave_Alto/devel/lib/python3/dist-packages/teleop_panda_controller/cfg/teleop_gripper_paramConfig.py)
Linked: (/home/panda/Sitong/Teleoperation_System_Slave_Alto/devel/.private/teleop_panda_controller/lib/python3/dist-packages/teleop_panda_controller/cfg/__init__.py, /home/panda/Sitong/Teleoperation_System_Slave_Alto/devel/lib/python3/dist-packages/teleop_panda_controller/cfg/__init__.py)
Linked: (/home/panda/Sitong/Teleoperation_System_Slave_Alto/devel/.private/teleop_panda_controller/lib/python3/dist-packages/teleop_panda_controller/msg/_JointTorqueComparison.py, /home/panda/Sitong/Teleoperation_System_Slave_Alto/devel/lib/python3/dist-packages/teleop_panda_controller/msg/_JointTorqueComparison.py)
Linked: (/home/panda/Sitong/Teleoperation_System_Slave_Alto/devel/.private/teleop_panda_controller/lib/python3/dist-packages/teleop_panda_controller/msg/__init__.py, /home/panda/Sitong/Teleoperation_System_Slave_Alto/devel/lib/python3/dist-packages/teleop_panda_controller/msg/__init__.py)
Linked: (/home/panda/Sitong/Teleoperation_System_Slave_Alto/devel/.private/teleop_panda_controller/lib/teleop_panda_controller/interactive_marker.py, /home/panda/Sitong/Teleoperation_System_Slave_Alto/devel/lib/teleop_panda_controller/interactive_marker.py)
Linked: (/home/panda/Sitong/Teleoperation_System_Slave_Alto/devel/.private/teleop_panda_controller/lib/teleop_panda_controller/move_to_start.py, /home/panda/Sitong/Teleoperation_System_Slave_Alto/devel/lib/teleop_panda_controller/move_to_start.py)
Linked: (/home/panda/Sitong/Teleoperation_System_Slave_Alto/devel/.private/teleop_panda_controller/lib/teleop_panda_controller/teleop_gripper_node, /home/panda/Sitong/Teleoperation_System_Slave_Alto/devel/lib/teleop_panda_controller/teleop_gripper_node)
Linked: (/home/panda/Sitong/Teleoperation_System_Slave_Alto/devel/.private/teleop_panda_controller/lib/teleop_panda_controller/dual_arm_interactive_marker.py, /home/panda/Sitong/Teleoperation_System_Slave_Alto/devel/lib/teleop_panda_controller/dual_arm_interactive_marker.py)
Linked: (/home/panda/Sitong/Teleoperation_System_Slave_Alto/devel/.private/teleop_panda_controller/lib/teleop_panda_controller/cmake.lock, /home/panda/Sitong/Teleoperation_System_Slave_Alto/devel/lib/teleop_panda_controller/cmake.lock)
Linked: (/home/panda/Sitong/Teleoperation_System_Slave_Alto/devel/.private/teleop_panda_controller/lib/pkgconfig/teleop_panda_controller.pc, /home/panda/Sitong/Teleoperation_System_Slave_Alto/devel/lib/pkgconfig/teleop_panda_controller.pc)
