Symlinking /home/panda/Sitong/Teleoperation_System_Slave_Alto/devel/share/gennodejs/ros/teleop_panda_controller/_index.js
Symlinking /home/panda/Sitong/Teleoperation_System_Slave_Alto/devel/share/gennodejs/ros/teleop_panda_controller/msg/JointTorqueComparison.js
Symlinking /home/panda/Sitong/Teleoperation_System_Slave_Alto/devel/share/gennodejs/ros/teleop_panda_controller/msg/_index.js
Symlinking /home/panda/Sitong/Teleoperation_System_Slave_Alto/devel/share/roseus/ros/teleop_panda_controller/manifest.l
Symlinking /home/panda/Sitong/Teleoperation_System_Slave_Alto/devel/share/roseus/ros/teleop_panda_controller/msg/JointTorqueComparison.l
Symlinking /home/panda/Sitong/Teleoperation_System_Slave_Alto/devel/share/teleop_panda_controller/cmake/teleop_panda_controller-msg-extras.cmake
Symlinking /home/panda/Sitong/Teleoperation_System_Slave_Alto/devel/share/teleop_panda_controller/cmake/teleop_panda_controllerConfig-version.cmake
Symlinking /home/panda/Sitong/Teleoperation_System_Slave_Alto/devel/share/teleop_panda_controller/cmake/teleop_panda_controllerConfig.cmake
Symlinking /home/panda/Sitong/Teleoperation_System_Slave_Alto/devel/share/teleop_panda_controller/cmake/teleop_panda_controller-msg-paths.cmake
Symlinking /home/panda/Sitong/Teleoperation_System_Slave_Alto/devel/share/teleop_panda_controller/docs/compliance_paramConfig-usage.dox
Symlinking /home/panda/Sitong/Teleoperation_System_Slave_Alto/devel/share/teleop_panda_controller/docs/desired_mass_paramConfig.dox
Symlinking /home/panda/Sitong/Teleoperation_System_Slave_Alto/devel/share/teleop_panda_controller/docs/teleop_paramConfig.dox
Symlinking /home/panda/Sitong/Teleoperation_System_Slave_Alto/devel/share/teleop_panda_controller/docs/compliance_paramConfig.wikidoc
Symlinking /home/panda/Sitong/Teleoperation_System_Slave_Alto/devel/share/teleop_panda_controller/docs/desired_mass_paramConfig.wikidoc
Symlinking /home/panda/Sitong/Teleoperation_System_Slave_Alto/devel/share/teleop_panda_controller/docs/compliance_paramConfig.dox
Symlinking /home/panda/Sitong/Teleoperation_System_Slave_Alto/devel/share/teleop_panda_controller/docs/desired_mass_paramConfig-usage.dox
Symlinking /home/panda/Sitong/Teleoperation_System_Slave_Alto/devel/share/teleop_panda_controller/docs/dual_arm_compliance_paramConfig.wikidoc
Symlinking /home/panda/Sitong/Teleoperation_System_Slave_Alto/devel/share/teleop_panda_controller/docs/dual_arm_compliance_paramConfig-usage.dox
Symlinking /home/panda/Sitong/Teleoperation_System_Slave_Alto/devel/share/teleop_panda_controller/docs/teleop_gripper_paramConfig.wikidoc
Symlinking /home/panda/Sitong/Teleoperation_System_Slave_Alto/devel/share/teleop_panda_controller/docs/dual_arm_compliance_paramConfig.dox
Symlinking /home/panda/Sitong/Teleoperation_System_Slave_Alto/devel/share/teleop_panda_controller/docs/teleop_gripper_paramConfig.dox
Symlinking /home/panda/Sitong/Teleoperation_System_Slave_Alto/devel/share/teleop_panda_controller/docs/teleop_paramConfig-usage.dox
Symlinking /home/panda/Sitong/Teleoperation_System_Slave_Alto/devel/share/teleop_panda_controller/docs/teleop_gripper_paramConfig-usage.dox
Symlinking /home/panda/Sitong/Teleoperation_System_Slave_Alto/devel/share/teleop_panda_controller/docs/teleop_paramConfig.wikidoc
Symlinking /home/panda/Sitong/Teleoperation_System_Slave_Alto/devel/share/common-lisp/ros/teleop_panda_controller/msg/teleop_panda_controller-msg.asd
Symlinking /home/panda/Sitong/Teleoperation_System_Slave_Alto/devel/share/common-lisp/ros/teleop_panda_controller/msg/_package_JointTorqueComparison.lisp
Symlinking /home/panda/Sitong/Teleoperation_System_Slave_Alto/devel/share/common-lisp/ros/teleop_panda_controller/msg/JointTorqueComparison.lisp
Symlinking /home/panda/Sitong/Teleoperation_System_Slave_Alto/devel/share/common-lisp/ros/teleop_panda_controller/msg/_package.lisp
Symlinking /home/panda/Sitong/Teleoperation_System_Slave_Alto/devel/include/teleop_panda_controller/desired_mass_paramConfig.h
Symlinking /home/panda/Sitong/Teleoperation_System_Slave_Alto/devel/include/teleop_panda_controller/teleop_gripper_paramConfig.h
Symlinking /home/panda/Sitong/Teleoperation_System_Slave_Alto/devel/include/teleop_panda_controller/teleop_paramConfig.h
Symlinking /home/panda/Sitong/Teleoperation_System_Slave_Alto/devel/include/teleop_panda_controller/JointTorqueComparison.h
Symlinking /home/panda/Sitong/Teleoperation_System_Slave_Alto/devel/include/teleop_panda_controller/dual_arm_compliance_paramConfig.h
Symlinking /home/panda/Sitong/Teleoperation_System_Slave_Alto/devel/include/teleop_panda_controller/compliance_paramConfig.h
Symlinking /home/panda/Sitong/Teleoperation_System_Slave_Alto/devel/lib/libfranka_example_controllers.so
Symlinking /home/panda/Sitong/Teleoperation_System_Slave_Alto/devel/lib/python3/dist-packages/teleop_panda_controller/__init__.py
Symlinking /home/panda/Sitong/Teleoperation_System_Slave_Alto/devel/lib/python3/dist-packages/teleop_panda_controller/cfg/dual_arm_compliance_paramConfig.py
Symlinking /home/panda/Sitong/Teleoperation_System_Slave_Alto/devel/lib/python3/dist-packages/teleop_panda_controller/cfg/desired_mass_paramConfig.py
Symlinking /home/panda/Sitong/Teleoperation_System_Slave_Alto/devel/lib/python3/dist-packages/teleop_panda_controller/cfg/teleop_paramConfig.py
Symlinking /home/panda/Sitong/Teleoperation_System_Slave_Alto/devel/lib/python3/dist-packages/teleop_panda_controller/cfg/compliance_paramConfig.py
Symlinking /home/panda/Sitong/Teleoperation_System_Slave_Alto/devel/lib/python3/dist-packages/teleop_panda_controller/cfg/teleop_gripper_paramConfig.py
Symlinking /home/panda/Sitong/Teleoperation_System_Slave_Alto/devel/lib/python3/dist-packages/teleop_panda_controller/cfg/__init__.py
Symlinking /home/panda/Sitong/Teleoperation_System_Slave_Alto/devel/lib/python3/dist-packages/teleop_panda_controller/msg/_JointTorqueComparison.py
Symlinking /home/panda/Sitong/Teleoperation_System_Slave_Alto/devel/lib/python3/dist-packages/teleop_panda_controller/msg/__init__.py
Symlinking /home/panda/Sitong/Teleoperation_System_Slave_Alto/devel/lib/teleop_panda_controller/interactive_marker.py
Symlinking /home/panda/Sitong/Teleoperation_System_Slave_Alto/devel/lib/teleop_panda_controller/move_to_start.py
Symlinking /home/panda/Sitong/Teleoperation_System_Slave_Alto/devel/lib/teleop_panda_controller/teleop_gripper_node
Symlinking /home/panda/Sitong/Teleoperation_System_Slave_Alto/devel/lib/teleop_panda_controller/dual_arm_interactive_marker.py
Symlinking /home/panda/Sitong/Teleoperation_System_Slave_Alto/devel/lib/teleop_panda_controller/cmake.lock
Symlinking /home/panda/Sitong/Teleoperation_System_Slave_Alto/devel/lib/pkgconfig/teleop_panda_controller.pc
